
TB6FF96C0 000:000 SEGGER J-Link V4.34a Log File (0000ms, 0000ms total)
TB6FF96C0 000:000 DLL Compiled: Aug 31 2011 11:51:40 (0000ms, 0000ms total)
TB6FF96C0 000:000 Logging started @ 2011-10-27 20:09 (0001ms, 0000ms total)
TB6FF96C0 000:001 JLINK_SetWarnOutHandler(...) (0000ms, 0001ms total)
TB6FF96C0 000:001 JLINK_OpenEx(...)
Firmware: J-Link ARM V8 compiled Aug 24 2011 17:23:32
Hardware: V8.00
S/N: 20100214
Feature(s): RDI,FlashDL,FlashBP,JFlash,GDBFull  returns O.K. (0209ms, 0001ms total)
TB6FF96C0 000:210 JLINK_ExecCommand("projectfile = Default.ini", ...)  returns 0x00 (0001ms, 0210ms total)
TB6FF96C0 000:211 JLINK_SetErrorOutHandler(...) (0000ms, 0211ms total)
TB6FF96C0 000:211 JLINK_EnableLog(...) (0000ms, 0211ms total)
TB6FF96C0 000:211 JLINK_SetInitRegsOnReset(OFF)  returns 0x01 (0000ms, 0211ms total)
TB6FF96C0 000:211 JLINK_GetDLLVersion()  returns 43401 (0000ms, 0211ms total)
TB6FF96C0 000:211 JLINK_GetCompileDateTime() (0000ms, 0211ms total)
TB6FF96C0 000:211 JLINK_GetFirmwareString(...) (0000ms, 0211ms total)
TB6FF96C0 000:211 JLINK_GetHardwareVersion()  returns 0x13880 (0000ms, 0211ms total)
TB6FF96C0 000:211 JLINK_EMU_GetProductId() (0000ms, 0211ms total)
TB6FF96C0 000:211 JLINK_GetHardwareVersion()  returns 0x13880 (0000ms, 0211ms total)
TB6FF96C0 000:211 JLINK_GetFirmwareString(...) (0000ms, 0211ms total)
TB6FF96C0 000:211 JLINK_GetEmuCaps()  returns 0xB9FF7BBF (0000ms, 0211ms total)
TB6FF96C0 000:211 JLINK_GetHWStatus(...)  returns 0x00 (0001ms, 0211ms total)
TB6FF96C0 000:212 JLINK_SetSpeed(100) (0001ms, 0212ms total)
TB6FF96C0 000:213 JLINK_GetEmuCaps()  returns 0xB9FF7BBF (0000ms, 0213ms total)
TB6FF96C0 000:213 JLINK_TIF_GetAvailable(...) (0002ms, 0213ms total)
TB6FF96C0 000:215 JLINK_GetIdData(...) >0x2F8 JTAG>TotalIRLen = 4, IRPrint = 0x01 >0x30 JTAG> >0x210 JTAG> >0x58 JTAG> >0x58 JTAG> >0x18 JTAG> >0x88 JTAG> >0x30 JTAG> >0x48 JTAG> >0x1A0 JTAG> >0x48 JTAG> >0x910 JTAG> >0x70 JTAG> >0x90 JTAG>CP15.0.0: 0x41069265: ARM, Architecure 5TEJ >0x90 JTAG>CP15.0.1: 0x1D152152: ICache: 16kB (4*128*32), DCache: 16kB (4*128*32)Cache type: Separate, Write-back, Format C (WT supported) >0x3F8 JTAG> >0x10 JTAG> ScanLen=4 NumDevices=1 aId[0]=0x079264F3 aIrRead[0]=0
 aScanLen[0]=5 aScanRead[0]=0 (0096ms, 0215ms total)
TB6FF96C0 000:311 JLINK_JTAG_GetDeviceID(DeviceIndex = 0)  returns 0x79264F3 (0000ms, 0311ms total)
TB6FF96C0 000:312 JLINK_JTAG_GetDeviceInfo(DeviceIndex = 0)  returns 0x00 (0000ms, 0311ms total)
TB6FF96C0 000:312 JLINK_GetDeviceFamily()  returns 9 (0000ms, 0311ms total)
TB6FF96C0 000:312 JLINK_GetDeviceFamily()  returns 9 (0000ms, 0311ms total)
TB6FF96C0 000:312 JLINK_GetDeviceFamily()  returns 9 (0000ms, 0311ms total)
TB6FF96C0 000:312 JLINK_GetDeviceFamily()  returns 9 (0000ms, 0311ms total)
TB6FF96C0 000:312 JLINK_GetDeviceFamily()  returns 9 (0000ms, 0311ms total)
TB6FF96C0 000:312 JLINK_GetDeviceFamily()  returns 9 (0000ms, 0311ms total)
TB6FF96C0 000:312 JLINK_GetDeviceFamily()  returns 9 (0000ms, 0311ms total)
TB6FF96C0 000:312 JLINK_GetDeviceFamily()  returns 9 (0000ms, 0311ms total)
TB6FF96C0 000:312 JLINK_GetDeviceFamily()  returns 9 (0000ms, 0311ms total)
TB6FF96C0 000:312 JLINK_GetDeviceFamily()  returns 9 (0000ms, 0311ms total)
TB6FF96C0 000:312 JLINK_GetDeviceFamily()  returns 9 (0000ms, 0311ms total)
TB6FF96C0 000:312 JLINK_GetDeviceFamily()  returns 9 (0000ms, 0311ms total)
TB6FF96C0 000:312 JLINK_ETM_IsPresent() >0x830 JTAG> >0x1B JTAG> >0x58 JTAG> >0x58 JTAG> >0x58 JTAG>  returns 50:TRUE (0030ms, 0311ms total)
TB6FF96C0 000:342 JLINK_ETM_IsPresent() >0x58 JTAG>  returns 50:TRUE (0002ms, 0341ms total)
TB6FF96C0 000:344 JLINK_ETM_ReadReg(RegIndex = 0x01) -- Skipped  returns 0x8D014024 (0000ms, 0343ms total)
TB6FF96C0 000:344 JLINK_ETB_IsPresent()  returns 0:FALSE (0001ms, 0343ms total)
TB6FF96C0 000:345 JLINK_SetSpeed(100) (0000ms, 0344ms total)
TB6FF96C0 000:345 JLINK_GetHWStatus(...)  returns 0x00 (0002ms, 0344ms total)
TB6FF96C0 000:347 JLINK_GetSpeedInfo() 48000000 Hz / n, n >= 4 (0000ms, 0346ms total)
TB6FF96C0 000:347 JLINK_MeasureRTCKReactTime() (0002ms, 0346ms total)
TB6FF96C0 000:349 JLINK_GetSpeed()  returns 0x64 (0000ms, 0348ms total)
TB6FF96C0 008:445 JLINK_ReadMem (0x00000000, 0x0010 Bytes, ...) -- CPU is running -- ReadDCC(16 bytes @ 0x00000000) >0x10 JTAG> -- DCC handler not running >0x158 JTAG> >0x48 JTAG> >0x1A0 JTAG> >0x48 JTAG> >0x910 JTAG> >0x80 JTAG>J-Link: ARM9 CP15 Settings changed: 5317F from 78, MMU On, ICache On, DCache On >0x10 JTAG> -- ReadRemote(16 bytes @ 0x00000000) >0xB8 JTAG> -- Abort occured >0xDB8 JTAG> -- Data:  AA AA AA AA AA AA AA AA AA AA AA AA AA AA AA AA  returns 0x01 (0155ms, 0348ms total)
TB6FF96C0 020:149 JLINK_Close() >0x08 JTAG> (0186ms, 0503ms total)
